<?xml version="1.0" encoding="UTF-8"?>
<!-- Generated by org.testng.reporters.JUnitXMLReporter -->
<testsuite hostname="REM-L-SINGHH" ignored="16" name="Default test" tests="1" failures="0" timestamp="11 Oct 2019 06:14:45 GMT" time="6.372" errors="0">
  <testcase name="VW_Variable" time="6.343" classname="voicewatchAPI.voicewatch_Get_API"/>
  <testcase name="clients_details" time="0.0" classname="voicewatchAPI.voicewatch_Get_API">
    <ignored/>
  </testcase> <!-- clients_details -->
  <testcase name="vw_Get_vw_dashboard" time="0.0" classname="voicewatchAPI.voicewatch_Get_API">
    <ignored/>
  </testcase> <!-- vw_Get_vw_dashboard -->
  <testcase name="VW_scripts" time="0.0" classname="voicewatchAPI.voicewatch_Get_API">
    <ignored/>
  </testcase> <!-- VW_scripts -->
  <testcase name="VW_user_info" time="0.0" classname="voicewatchAPI.voicewatch_Get_API">
    <ignored/>
  </testcase> <!-- VW_user_info -->
  <testcase name="admin_dashboard" time="0.0" classname="voicewatchAPI.voicewatch_Get_API">
    <ignored/>
  </testcase> <!-- admin_dashboard -->
  <testcase name="admin" time="0.0" classname="voicewatchAPI.voicewatch_Get_API">
    <ignored/>
  </testcase> <!-- admin -->
  <testcase name="notification" time="0.0" classname="voicewatchAPI.voicewatch_Get_API">
    <ignored/>
  </testcase> <!-- notification -->
  <testcase name="parteners" time="0.0" classname="voicewatchAPI.voicewatch_Get_API">
    <ignored/>
  </testcase> <!-- parteners -->
  <testcase name="hammer_details" time="0.0" classname="voicewatchAPI.voicewatch_Get_API">
    <ignored/>
  </testcase> <!-- hammer_details -->
  <testcase name="hammer_labels" time="0.0" classname="voicewatchAPI.voicewatch_Get_API">
    <ignored/>
  </testcase> <!-- hammer_labels -->
  <testcase name="tags" time="0.0" classname="voicewatchAPI.voicewatch_Get_API">
    <ignored/>
  </testcase> <!-- tags -->
  <testcase name="vw_Get_Test_Result" time="0.0" classname="voicewatchAPI.voicewatch_Get_API">
    <ignored/>
  </testcase> <!-- vw_Get_Test_Result -->
  <testcase name="VW_Tests" time="0.0" classname="voicewatchAPI.voicewatch_Get_API">
    <ignored/>
  </testcase> <!-- VW_Tests -->
  <testcase name="profiles" time="0.0" classname="voicewatchAPI.voicewatch_Get_API">
    <ignored/>
  </testcase> <!-- profiles -->
  <testcase name="clients" time="0.0" classname="voicewatchAPI.voicewatch_Get_API">
    <ignored/>
  </testcase> <!-- clients -->
  <testcase name="script_summary" time="0.0" classname="voicewatchAPI.voicewatch_Get_API">
    <ignored/>
  </testcase> <!-- script_summary -->
</testsuite> <!-- Default test -->
