<?xml version="1.0" encoding="UTF-8"?>
<!-- Generated by org.testng.reporters.JUnitXMLReporter -->
<testsuite hostname="REM-L-SINGHH" ignored="0" name="Default test" tests="17" failures="0" timestamp="12 Oct 2019 07:24:38 GMT" time="117.608" errors="0">
  <testcase name="vw_Get_Test_Result" time="8.996" classname="voicewatchAPI.voicewatch_Get_API"/>
  <testcase name="vw_Get_vw_dashboard" time="7.019" classname="voicewatchAPI.voicewatch_Get_API"/>
  <testcase name="VW_Variable" time="6.452" classname="voicewatchAPI.voicewatch_Get_API"/>
  <testcase name="VW_Tests" time="5.738" classname="voicewatchAPI.voicewatch_Get_API"/>
  <testcase name="VW_scripts" time="12.613" classname="voicewatchAPI.voicewatch_Get_API"/>
  <testcase name="script_summary" time="6.758" classname="voicewatchAPI.voicewatch_Get_API"/>
  <testcase name="VW_user_info" time="6.429" classname="voicewatchAPI.voicewatch_Get_API"/>
  <testcase name="clients" time="6.0" classname="voicewatchAPI.voicewatch_Get_API"/>
  <testcase name="parteners" time="6.329" classname="voicewatchAPI.voicewatch_Get_API"/>
  <testcase name="profiles" time="6.924" classname="voicewatchAPI.voicewatch_Get_API"/>
  <testcase name="clients_details" time="6.772" classname="voicewatchAPI.voicewatch_Get_API"/>
  <testcase name="hammer_details" time="6.334" classname="voicewatchAPI.voicewatch_Get_API"/>
  <testcase name="tags" time="6.164" classname="voicewatchAPI.voicewatch_Get_API"/>
  <testcase name="notification" time="6.946" classname="voicewatchAPI.voicewatch_Get_API"/>
  <testcase name="hammer_labels" time="5.73" classname="voicewatchAPI.voicewatch_Get_API"/>
  <testcase name="admin" time="6.148" classname="voicewatchAPI.voicewatch_Get_API"/>
  <testcase name="admin_dashboard" time="6.173" classname="voicewatchAPI.voicewatch_Get_API"/>
</testsuite> <!-- Default test -->
