<?xml version="1.0" encoding="UTF-8"?>
<!-- Generated by org.testng.reporters.JUnitXMLReporter -->
<testsuite hostname="REM-L-SINGHH" ignored="0" name="Post_Delete_RestApi Feature" tests="2" failures="0" timestamp="08 Sep 2019 19:54:14 GMT" time="3.452" errors="0">
  <testcase name="post_delete_RestApi_on_Google_search_Server" time="0.601" classname="basicapi.TC0002_Post_Deletet_API_Testing"/>
  <testcase name="post_delete_RestApi_on_reqres_server" time="2.841" classname="basicapi.TC0002_Post_Deletet_API_Testing"/>
</testsuite> <!-- Post_Delete_RestApi Feature -->
