<?xml version="1.0" encoding="UTF-8"?>
<!-- Generated by org.testng.reporters.JUnitXMLReporter -->
<testsuite hostname="REM-L-SINGHH" ignored="0" name="Test Post voicewatch_Post_Api Feature" tests="1" failures="1" timestamp="11 Oct 2019 06:27:03 GMT" time="4.294" errors="0">
  <testcase name="vw_post_Tag" time="4.284" classname="voicewatchAPI.voicewatch_Post_API">
    <failure type="java.lang.NullPointerException">
      <![CDATA[java.lang.NullPointerException
at voicewatchAPI.voicewatch_Post_API.vw_post_Tag(voicewatch_Post_API.java:56)
... Removed 25 stack frames]]>
    </failure>
  </testcase> <!-- vw_post_Tag -->
</testsuite> <!-- Test Post voicewatch_Post_Api Feature -->
