<?xml version="1.0" encoding="UTF-8"?>
<!-- Generated by org.testng.reporters.JUnitXMLReporter -->
<testsuite hostname="REM-L-SINGHH" ignored="0" name="Test Post Api Feature for JSON" tests="2" failures="0" timestamp="08 Oct 2019 14:18:04 GMT" time="3.035" errors="0">
  <testcase name="postRestApi_on_Google_search_Server" time="0.977" classname="basicapi.TC0001_Post_JSON_API_Testing"/>
  <testcase name="postRestApi_on_reqres_server" time="2.049" classname="basicapi.TC0001_Post_JSON_API_Testing"/>
</testsuite> <!-- Test Post Api Feature for JSON -->
