<?xml version="1.0" encoding="UTF-8"?>
<!-- Generated by org.testng.reporters.JUnitXMLReporter -->
<testsuite hostname="REM-L-SINGHH" ignored="0" name="Test Get voicewatch_Api Feature" tests="3" failures="0" timestamp="08 Oct 2019 18:23:59 GMT" time="27.611" errors="0">
  <testcase name="vw_Get_Test_Result" time="8.873" classname="voicewatchAPI.voicewatch_API"/>
  <testcase name="vw_Get_vw_dashboard" time="7.575" classname="voicewatchAPI.voicewatch_API"/>
  <testcase name="vw_Get_vw_Variable" time="11.132" classname="voicewatchAPI.voicewatch_API"/>
</testsuite> <!-- Test Get voicewatch_Api Feature -->
