<?xml version="1.0" encoding="UTF-8"?>
<!-- Generated by org.testng.reporters.JUnitXMLReporter -->
<testsuite hostname="REM-L-SINGHH" ignored="0" name="Test Post_Delete_RestApi Feature " tests="2" failures="0" timestamp="08 Oct 2019 14:18:11 GMT" time="6.982" errors="0">
  <testcase name="post_delete_RestApi_on_Google_search_Server" time="2.406" classname="basicapi.TC0002_Post_Deletet_API_Testing"/>
  <testcase name="post_delete_RestApi_on_reqres_server" time="4.57" classname="basicapi.TC0002_Post_Deletet_API_Testing"/>
</testsuite> <!-- Test Post_Delete_RestApi Feature  -->
