<?xml version="1.0" encoding="UTF-8"?>
<!-- Generated by org.testng.reporters.JUnitXMLReporter -->
<testsuite hostname="REM-L-SINGHH" ignored="0" name="Test Post_Deletet_API Feature optimizing " tests="2" failures="0" timestamp="08 Oct 2019 14:18:24 GMT" time="7.328" errors="0">
  <testcase name="post_delete_RestApi_on_Google_search_Server" time="2.488" classname="basicapi.TC0005_Post_Deletet_API_optimizing_Testing"/>
  <testcase name="post_delete_RestApi_on_reqres_server" time="4.831" classname="basicapi.TC0005_Post_Deletet_API_optimizing_Testing"/>
</testsuite> <!-- Test Post_Deletet_API Feature optimizing  -->
