<?xml version="1.0" encoding="UTF-8"?>
<!-- Generated by org.testng.reporters.JUnitXMLReporter -->
<testsuite hostname="REM-L-SINGHH" ignored="0" name="Test Post_Delete_RestApi Feature optimizing " tests="2" failures="0" timestamp="08 Oct 2019 14:18:16 GMT" time="3.838" errors="0">
  <testcase name="postRestApi_on_Google_search_Server" time="0.974" classname="basicapi.TC0004_Post_API_optimizing_Testing"/>
  <testcase name="postRestApi_on_reqres_server" time="2.843" classname="basicapi.TC0004_Post_API_optimizing_Testing"/>
</testsuite> <!-- Test Post_Delete_RestApi Feature optimizing  -->
