<?xml version="1.0" encoding="UTF-8"?>
<!-- Generated by org.testng.reporters.JUnitXMLReporter -->
<testsuite hostname="REM-L-SINGHH" ignored="0" name="Test Post_Delete_RestApi Feature" tests="2" failures="0" timestamp="09 Sep 2019 11:55:01 GMT" time="5.484" errors="0">
  <testcase name="post_delete_RestApi_on_Google_search_Server" time="2.128" classname="basicapi.TC0002_Post_Deletet_API_Testing"/>
  <testcase name="post_delete_RestApi_on_reqres_server" time="3.347" classname="basicapi.TC0002_Post_Deletet_API_Testing"/>
</testsuite> <!-- Test Post_Delete_RestApi Feature -->
