<?xml version="1.0" encoding="UTF-8"?>
<!-- Generated by org.testng.reporters.JUnitXMLReporter -->
<testsuite hostname="REM-L-SINGHH" ignored="0" name="Test Post Api Feature" tests="2" failures="0" timestamp="09 Sep 2019 11:54:55 GMT" time="2.739" errors="0">
  <testcase name="postRestApi_on_Google_search_Server" time="1.059" classname="basicapi.TC0001_Post_API_Testing"/>
  <testcase name="postRestApi_on_reqres_server" time="1.672" classname="basicapi.TC0001_Post_API_Testing"/>
</testsuite> <!-- Test Post Api Feature -->
