<?xml version="1.0" encoding="UTF-8"?>
<!-- Generated by org.testng.reporters.JUnitXMLReporter -->
<testsuite hostname="REM-L-SINGHH" ignored="0" name="Test Get voicewatch_Get_Api Feature" tests="17" failures="0" timestamp="11 Oct 2019 06:26:59 GMT" time="74.344" errors="0">
  <testcase name="vw_Get_Test_Result" time="6.192" classname="voicewatchAPI.voicewatch_Get_API"/>
  <testcase name="vw_Get_vw_dashboard" time="4.202" classname="voicewatchAPI.voicewatch_Get_API"/>
  <testcase name="VW_Variable" time="4.074" classname="voicewatchAPI.voicewatch_Get_API"/>
  <testcase name="VW_Tests" time="4.126" classname="voicewatchAPI.voicewatch_Get_API"/>
  <testcase name="VW_scripts" time="4.87" classname="voicewatchAPI.voicewatch_Get_API"/>
  <testcase name="script_summary" time="4.116" classname="voicewatchAPI.voicewatch_Get_API"/>
  <testcase name="VW_user_info" time="4.033" classname="voicewatchAPI.voicewatch_Get_API"/>
  <testcase name="clients" time="4.477" classname="voicewatchAPI.voicewatch_Get_API"/>
  <testcase name="parteners" time="4.239" classname="voicewatchAPI.voicewatch_Get_API"/>
  <testcase name="profiles" time="5.183" classname="voicewatchAPI.voicewatch_Get_API"/>
  <testcase name="clients_details" time="4.099" classname="voicewatchAPI.voicewatch_Get_API"/>
  <testcase name="hammer_details" time="4.161" classname="voicewatchAPI.voicewatch_Get_API"/>
  <testcase name="tags" time="4.106" classname="voicewatchAPI.voicewatch_Get_API"/>
  <testcase name="notification" time="4.097" classname="voicewatchAPI.voicewatch_Get_API"/>
  <testcase name="hammer_labels" time="4.09" classname="voicewatchAPI.voicewatch_Get_API"/>
  <testcase name="admin" time="4.12" classname="voicewatchAPI.voicewatch_Get_API"/>
  <testcase name="admin_dashboard" time="4.084" classname="voicewatchAPI.voicewatch_Get_API"/>
</testsuite> <!-- Test Get voicewatch_Get_Api Feature -->
