<?xml version="1.0" encoding="UTF-8"?>
<testsuite xmlns:xsi="http://www.w3.org/2001/XMLSchema-instance" xsi:noNamespaceSchemaLocation="https://maven.apache.org/surefire/maven-surefire-plugin/xsd/surefire-test-report.xsd" name="TestSuite" time="26.695" tests="3" errors="0" skipped="0" failures="0">
  <properties>
[...]
</properties>
  <testcase name="vw_Get_Test_Result" classname="voicewatchAPI.voicewatch_API" time="9.043"/>
  <testcase name="vw_Get_vw_dashboard" classname="voicewatchAPI.voicewatch_API" time="9.834"/>
  <testcase name="vw_Get_vw_Variable" classname="voicewatchAPI.voicewatch_API" time="6.513"/>
</testsuite>