<?xml version="1.0" encoding="UTF-8"?>
<testsuite xmlns:xsi="http://www.w3.org/2001/XMLSchema-instance" xsi:noNamespaceSchemaLocation="https://maven.apache.org/surefire/maven-surefire-plugin/xsd/surefire-test-report.xsd" name="TestSuite" time="124.427" tests="18" errors="0" skipped="0" failures="2">
  <properties>
[...]
</properties>
  <testcase name="vw_Get_Test_Result" classname="voicewatchAPI.voicewatch_Get_API" time="8.229"/>
  <testcase name="vw_Get_vw_dashboard" classname="voicewatchAPI.voicewatch_Get_API" time="6.472"/>
  <testcase name="VW_Variable" classname="voicewatchAPI.voicewatch_Get_API" time="7.18"/>
  <testcase name="VW_Tests" classname="voicewatchAPI.voicewatch_Get_API" time="11.689"/>
  <testcase name="VW_scripts" classname="voicewatchAPI.voicewatch_Get_API" time="7.706"/>
  <testcase name="script_summary" classname="voicewatchAPI.voicewatch_Get_API" time="5.514"/>
  <testcase name="VW_user_info" classname="voicewatchAPI.voicewatch_Get_API" time="6.556"/>
  <testcase name="clients" classname="voicewatchAPI.voicewatch_Get_API" time="6.903"/>
  <testcase name="parteners" classname="voicewatchAPI.voicewatch_Get_API" time="6.017"/>
  <testcase name="profiles" classname="voicewatchAPI.voicewatch_Get_API" time="7.228"/>
  <testcase name="clients_details" classname="voicewatchAPI.voicewatch_Get_API" time="5.895"/>
  <testcase name="hammer_details" classname="voicewatchAPI.voicewatch_Get_API" time="6.578"/>
  <testcase name="tags" classname="voicewatchAPI.voicewatch_Get_API" time="6.261"/>
  <testcase name="notification" classname="voicewatchAPI.voicewatch_Get_API" time="5.806"/>
  <testcase name="hammer_labels" classname="voicewatchAPI.voicewatch_Get_API" time="5.537">
    <failure message="1 expectation failed.&#10;Expected header &quot;X-Content-Type-Options&quot; was not &quot;nosniff&quot;, was &quot;null&quot;. Headers are:&#10;Set-Cookie=JSESSIONID=8C2B921E3C5CB4B0A86905075585FBEB; Path=/; Secure; HttpOnly&#10;Accept-Ranges=bytes&#10;ETag=W/&quot;18475-1570681260000&quot;&#10;Last-Modified=Thu, 10 Oct 2019 04:21:00 GMT&#10;Content-Type=text/html&#10;Content-Length=18475&#10;Date=Sat, 12 Oct 2019 06:44:01 GMT&#10;" type="java.lang.AssertionError">java.lang.AssertionError: 
1 expectation failed.
Expected header "X-Content-Type-Options" was not "nosniff", was "null". Headers are:
Set-Cookie=JSESSIONID=8C2B921E3C5CB4B0A86905075585FBEB; Path=/; Secure; HttpOnly
Accept-Ranges=bytes
ETag=W/"18475-1570681260000"
Last-Modified=Thu, 10 Oct 2019 04:21:00 GMT
Content-Type=text/html
Content-Length=18475
Date=Sat, 12 Oct 2019 06:44:01 GMT

	at voicewatchAPI.voicewatch_Get_API.hammer_labels(voicewatch_Get_API.java:274)
</failure>
    <system-out><![CDATA[
Test Case notification Passed

=========================================
[INFO ] 2019-10-12 12:17:51,018 voicewatch_Get_API.getTokenID() - Host infomation OpenAM server:https://os-2k16-vm333.empirix.com
Request method:	POST
Request URI:	https://os-2k16-vm333.empirix.com/openam/json/authenticate
Proxy:			<none>
Request params:	<none>
Query params:	<none>
Form params:	<none>
Path params:	<none>
Headers:		X-OpenAM-Username=admin
				X-OpenAM-Password=password
				Accept=*/*
				Content-Type=application/json; charset=UTF-8
Cookies:		<none>
Multiparts:		<none>
Body:			<none>
[INFO ] 2019-10-12 12:17:53,219 voicewatch_Get_API.getTokenID() - Auth-Respose: {"tokenId":"AQIC5wM2LY4SfczqV2TuV6INt68FS3XPoLcrhqs_ezqCqt0.*AAJTSQACMDEAAlNLABI0NzI4MDI3NjEwNTg4MDAxMTE.*","successUrl":"/openam/console"}
Request method:	GET
Request URI:	https://os-2k16-vm332.empirix.com/
Proxy:			<none>
Request params:	<none>
Query params:	<none>
Form params:	<none>
Path params:	<none>
Headers:		Cookie=iPlanetDirectoryPro=AQIC5wM2LY4SfczqV2TuV6INt68FS3XPoLcrhqs_ezqCqt0.*AAJTSQACMDEAAlNLABI0NzI4MDI3NjEwNTg4MDAxMTE.*
				Accept=*/*
				Content-Type=application/json; charset=UTF-8
Cookies:		<none>
Multiparts:		<none>
Body:			<none>
]]></system-out>
  </testcase>
  <testcase name="admin" classname="voicewatchAPI.voicewatch_Get_API" time="5.713"/>
  <testcase name="admin_dashboard" classname="voicewatchAPI.voicewatch_Get_API" time="6.652"/>
  <testcase name="vw_post_Tag" classname="voicewatchAPI.voicewatch_Post_API" time="6.911">
    <failure type="java.lang.NullPointerException">java.lang.NullPointerException
	at voicewatchAPI.voicewatch_Post_API.vw_post_Tag(voicewatch_Post_API.java:56)
</failure>
    <system-out><![CDATA[
Test Case admin_dashboard Passed

=========================================

 Test Get voicewatch_Get_Api Feature Completed
=========================================

 Test Post voicewatch_Post_Api Feature Started
=========================================
[INFO ] 2019-10-12 12:18:08,892 voicewatch_Post_API.vw_post_Tag() - Host infomation Webapp server: https://os-2k16-vm332.empirix.com
[INFO ] 2019-10-12 12:18:08,892 voicewatch_Get_API.getTokenID() - Host infomation OpenAM server:https://os-2k16-vm333.empirix.com
Request method:	POST
Request URI:	https://os-2k16-vm333.empirix.com/openam/json/authenticate
Proxy:			<none>
Request params:	<none>
Query params:	<none>
Form params:	<none>
Path params:	<none>
Headers:		X-OpenAM-Username=admin
				X-OpenAM-Password=password
				Accept=*/*
				Content-Type=application/json; charset=UTF-8
Cookies:		<none>
Multiparts:		<none>
Body:			<none>
[INFO ] 2019-10-12 12:18:11,903 voicewatch_Get_API.getTokenID() - Auth-Respose: {"tokenId":"AQIC5wM2LY4SfcwTMkCkDrWpKoNfi7Cx0qzyfm05vgzh6-M.*AAJTSQACMDEAAlNLABM1MTY2MTQ4NjU4MzU0ODkyMjMx*","successUrl":"/openam/console"}
Request method:	POST
Request URI:	https://os-2k16-vm332.empirix.com/webapp/tags
Proxy:			<none>
Request params:	<none>
Query params:	<none>
Form params:	<none>
Path params:	<none>
Headers:		Cookie=iPlanetDirectoryPro=AQIC5wM2LY4SfcwTMkCkDrWpKoNfi7Cx0qzyfm05vgzh6-M.*AAJTSQACMDEAAlNLABM1MTY2MTQ4NjU4MzU0ODkyMjMx*
				Accept=*/*
				Content-Type=application/json; charset=UTF-8
Cookies:		<none>
Multiparts:		<none>
Body:
{
    "name": "okaol56kll"
}
[DEBUG] 2019-10-12 12:18:15,903 voicewatch_Post_API.vw_post_Tag() - User Respose: null
]]></system-out>
  </testcase>
</testsuite>