<?xml version="1.0" encoding="UTF-8"?>
<testng-results skipped="0" failed="0" ignored="0" total="3" passed="3">
  <reporter-output>
  </reporter-output>
  <suite name="Suite" duration-ms="25430" started-at="2019-10-08T14:41:44Z" finished-at="2019-10-08T14:42:10Z">
    <groups>
    </groups>
    <test name="Test Get voicewatch_Api Feature" duration-ms="25430" started-at="2019-10-08T14:41:44Z" finished-at="2019-10-08T14:42:10Z">
      <class name="voicewatchAPI.voicewatch_API">
        <test-method status="PASS" signature="getData()[pri:0, instance:voicewatchAPI.voicewatch_API@6b81ce95]" name="getData" is-config="true" duration-ms="8" started-at="2019-10-08T14:41:44Z" finished-at="2019-10-08T14:41:44Z">
          <reporter-output>
          </reporter-output>
        </test-method> <!-- getData -->
        <test-method status="PASS" signature="vw_Get_Test_Result()[pri:1, instance:voicewatchAPI.voicewatch_API@6b81ce95]" name="vw_Get_Test_Result" duration-ms="9047" started-at="2019-10-08T14:41:44Z" finished-at="2019-10-08T14:41:53Z">
          <reporter-output>
          </reporter-output>
        </test-method> <!-- vw_Get_Test_Result -->
        <test-method status="PASS" signature="vw_Get_vw_dashboard()[pri:2, instance:voicewatchAPI.voicewatch_API@6b81ce95]" name="vw_Get_vw_dashboard" duration-ms="9682" started-at="2019-10-08T14:41:53Z" finished-at="2019-10-08T14:42:03Z">
          <reporter-output>
          </reporter-output>
        </test-method> <!-- vw_Get_vw_dashboard -->
        <test-method status="PASS" signature="vw_Get_vw_Variable()[pri:3, instance:voicewatchAPI.voicewatch_API@6b81ce95]" name="vw_Get_vw_Variable" duration-ms="6681" started-at="2019-10-08T14:42:03Z" finished-at="2019-10-08T14:42:10Z">
          <reporter-output>
          </reporter-output>
        </test-method> <!-- vw_Get_vw_Variable -->
      </class> <!-- voicewatchAPI.voicewatch_API -->
    </test> <!-- Test Get voicewatch_Api Feature -->
  </suite> <!-- Suite -->
</testng-results>
