-------------------------------------------------------------------------------
Test set: TestSuite
-------------------------------------------------------------------------------
Tests run: 18, Failures: 1, Errors: 0, Skipped: 0, Time elapsed: 121.438 s <<< FAILURE! - in TestSuite
vw_post_Tag(voicewatchAPI.voicewatch_Post_API)  Time elapsed: 6.113 s  <<< FAILURE!
java.lang.NullPointerException
	at voicewatchAPI.voicewatch_Post_API.vw_post_Tag(voicewatch_Post_API.java:56)

